2025-11-08 17:47:00 | INFO | repo=arquillian-phantom-driver | action=commit
2025-05-19 15:47:00 | WARN | repo=arquillian-phantom-driver | action=commit
2025-08-24 19:45:00 | INFO | repo=arquillian-phantom-driver | action=commit
2025-07-15 17:08:00 | WARN | repo=arquillian-phantom-driver | action=commit
2025-09-17 07:16:00 | INFO | repo=arquillian-phantom-driver | action=commit
2025-10-07 20:31:00 | DEBUG | repo=arquillian-phantom-driver | action=pull
2025-06-17 14:01:00 | DEBUG | repo=arquillian-phantom-driver | action=edit | files=2
2025-09-02 14:50:00 | DEBUG | repo=arquillian-phantom-driver | action=commit
2025-08-01 08:15:00 | WARN | repo=arquillian-phantom-driver | action=commit
2025-05-21 09:47:00 | WARN | repo=arquillian-phantom-driver | action=commit
2025-12-23 21:25:00 | INFO | repo=arquillian-phantom-driver | action=commit
2025-07-25 21:59:00 | INFO | repo=arquillian-phantom-driver | action=commit
2025-09-03 15:19:00 | DEBUG | repo=arquillian-phantom-driver | action=edit | files=5
2025-03-27 09:53:00 | WARN | repo=arquillian-phantom-driver | action=test | passed=true
2025-04-28 07:54:00 | DEBUG | repo=arquillian-phantom-driver | action=commit
2025-12-23 14:26:00 | WARN | repo=arquillian-phantom-driver | action=commit
2025-10-09 07:06:00 | INFO | repo=arquillian-phantom-driver | action=pull
2025-02-10 15:59:00 | DEBUG | repo=arquillian-phantom-driver | action=commit
2025-03-21 10:18:00 | WARN | repo=arquillian-phantom-driver | action=edit | files=1
2025-06-23 11:30:00 | WARN | repo=arquillian-phantom-driver | action=pull
2025-07-15 07:26:00 | WARN | repo=arquillian-phantom-driver | action=commit
2025-04-05 14:37:00 | DEBUG | repo=arquillian-phantom-driver | action=test | passed=true
2025-09-06 08:13:00 | INFO | repo=arquillian-phantom-driver | action=commit
2025-04-24 07:11:00 | INFO | repo=arquillian-phantom-driver | action=commit
2025-08-05 10:15:00 | WARN | repo=arquillian-phantom-driver | action=commit
2025-09-09 09:27:00 | WARN | repo=arquillian-phantom-driver | action=commit
2025-12-02 07:01:00 | DEBUG | repo=arquillian-phantom-driver | action=edit | files=2
2025-11-08 17:39:00 | DEBUG | repo=arquillian-phantom-driver | action=test | passed=true
2025-11-08 19:45:00 | WARN | repo=arquillian-phantom-driver | action=commit
2025-08-16 09:25:00 | INFO | repo=arquillian-phantom-driver | action=edit | files=1
2025-01-19 21:03:00 | WARN | repo=arquillian-phantom-driver | action=commit
2025-08-02 17:30:00 | DEBUG | repo=arquillian-phantom-driver | action=commit
2025-09-19 08:01:00 | DEBUG | repo=arquillian-phantom-driver | action=commit
2025-01-14 13:08:00 | WARN | repo=arquillian-phantom-driver | action=commit
2025-09-17 07:48:00 | WARN | repo=arquillian-phantom-driver | action=commit
2025-11-19 09:54:00 | DEBUG | repo=arquillian-phantom-driver | action=edit | files=3
2025-08-04 08:22:00 | DEBUG | repo=arquillian-phantom-driver | action=edit | files=4
2025-12-24 21:47:00 | INFO | repo=arquillian-phantom-driver | action=commit
2025-03-07 08:27:00 | INFO | repo=arquillian-phantom-driver | action=commit
2025-11-28 07:31:00 | WARN | repo=arquillian-phantom-driver | action=test | passed=true
2025-01-25 18:41:00 | INFO | repo=arquillian-phantom-driver | action=commit
2025-10-05 12:54:00 | WARN | repo=arquillian-phantom-driver | action=commit
2025-01-19 21:26:00 | DEBUG | repo=arquillian-phantom-driver | action=test | passed=true
2025-11-16 10:43:00 | INFO | repo=arquillian-phantom-driver | action=commit
2025-11-19 18:06:00 | INFO | repo=arquillian-phantom-driver | action=commit
2025-10-05 18:26:00 | INFO | repo=arquillian-phantom-driver | action=commit
2025-04-04 12:01:00 | WARN | repo=arquillian-phantom-driver | action=commit
2025-10-15 14:55:00 | DEBUG | repo=arquillian-phantom-driver | action=pull
2025-07-08 12:52:00 | WARN | repo=arquillian-phantom-driver | action=edit | files=2
2025-05-12 21:54:00 | DEBUG | repo=arquillian-phantom-driver | action=commit
2025-07-01 21:39:00 | WARN | repo=arquillian-phantom-driver | action=commit
2025-02-22 19:35:00 | INFO | repo=arquillian-phantom-driver | action=pull
2025-05-01 18:28:00 | INFO | repo=arquillian-phantom-driver | action=commit
2025-11-11 12:41:00 | DEBUG | repo=arquillian-phantom-driver | action=commit
2025-06-27 12:48:00 | INFO | repo=arquillian-phantom-driver | action=edit | files=4
2025-03-21 07:19:00 | INFO | repo=arquillian-phantom-driver | action=commit
2025-05-21 13:32:00 | DEBUG | repo=arquillian-phantom-driver | action=commit
2025-06-15 14:36:00 | WARN | repo=arquillian-phantom-driver | action=commit
2025-01-17 12:55:00 | DEBUG | repo=arquillian-phantom-driver | action=commit
2025-05-12 16:29:00 | DEBUG | repo=arquillian-phantom-driver | action=commit
2025-01-18 19:24:00 | WARN | repo=arquillian-phantom-driver | action=commit
2025-02-25 20:02:00 | DEBUG | repo=arquillian-phantom-driver | action=commit
2025-10-01 21:44:00 | DEBUG | repo=arquillian-phantom-driver | action=commit
2025-12-06 19:23:00 | DEBUG | repo=arquillian-phantom-driver | action=commit
2025-11-07 19:35:00 | INFO | repo=arquillian-phantom-driver | action=commit
2025-09-15 08:52:00 | DEBUG | repo=arquillian-phantom-driver | action=commit
